nohup: ignoring input
epoch: 0/15, train folds: [1, 2, 3, 4], valid_folds: [0]
[[False  True False False False False False False False False]
 [False False False  True False False False False False False]
 [False  True False False False False False  True False False]
 [ True False False False  True False False False False False]
 [False  True False False False False False False False False]
 [False  True False False False False False False False False]
 [False False False False  True False False False False False]
 [False False  True False False False False False False False]
 [ True False False False False False False False False False]
 [False False False  True False False False False False False]]
[[0. 1. 0. 0. 0. 0. 0. 0. 0. 0.]
 [0. 0. 0. 1. 0. 0. 0. 0. 0. 0.]
 [0. 1. 0. 0. 0. 0. 0. 0. 0. 0.]
 [0. 0. 0. 0. 1. 0. 0. 0. 0. 0.]
 [0. 1. 0. 1. 0. 0. 0. 0. 0. 0.]
 [0. 1. 0. 0. 0. 0. 0. 0. 0. 0.]
 [0. 0. 0. 0. 0. 0. 0. 0. 0. 1.]
 [0. 0. 1. 0. 0. 0. 0. 0. 0. 1.]
 [0. 0. 0. 0. 1. 1. 0. 0. 0. 0.]
 [1. 0. 0. 1. 0. 0. 0. 0. 0. 0.]]
train ---- epoch == > 0, auc ==> 0.7608418851011076,  macro_f1==> 0.5599948335389879, micro_f1 ==> 0.6786027733895033
time:  1194.7583374977112
[[False  True False False False False False False False False]
 [False False False  True False False False False False False]
 [ True False False False False False False False False False]
 [False  True False False False False False False False False]
 [False False False False  True False False False False False]
 [False False False False False  True False False False False]
 [ True False False False False False False False False False]
 [False  True False False False False False False False False]
 [False False False  True False False False False False False]
 [False  True False False False False False False False False]]
[[1. 1. 0. 0. 0. 0. 0. 0. 0. 0.]
 [0. 0. 0. 1. 0. 0. 0. 0. 0. 0.]
 [1. 0. 0. 0. 0. 0. 0. 0. 0. 0.]
 [0. 1. 0. 0. 0. 0. 0. 0. 0. 0.]
 [0. 0. 0. 0. 1. 0. 0. 0. 0. 0.]
 [0. 0. 0. 1. 0. 0. 0. 0. 0. 0.]
 [1. 0. 0. 1. 0. 0. 0. 0. 0. 0.]
 [0. 1. 0. 0. 0. 0. 0. 0. 0. 0.]
 [0. 0. 0. 1. 0. 0. 0. 0. 0. 0.]
 [0. 1. 0. 0. 0. 0. 0. 0. 0. 0.]]
valid ---- epoch == > 0, auc ==> 0.7728953662418977,  macro_f1==> 0.5902369368758645, micro_f1 ==> 0.7049830124575313
time:  1384.621586561203
epoch: 1/15, train folds: [0, 2, 3, 4], valid_folds: [1]
[[False  True False False False False False False False False]
 [False  True False False False  True False False False False]
 [ True False False False False False False False False False]
 [False False  True False False False False False False False]
 [False False False False False  True False False False False]
 [ True False False False False False False False False False]
 [False  True False False  True False False False False False]
 [False False False False False False  True False False False]
 [False False False  True False False False False False False]
 [ True False False False False False False False False False]]
[[0. 0. 0. 0. 0. 0. 0. 1. 0. 0.]
 [0. 0. 0. 0. 0. 1. 0. 0. 0. 0.]
 [1. 0. 0. 0. 0. 0. 0. 0. 0. 0.]
 [0. 0. 1. 0. 0. 0. 0. 0. 0. 0.]
 [0. 0. 0. 0. 0. 1. 0. 0. 0. 0.]
 [1. 0. 0. 0. 0. 0. 0. 0. 0. 0.]
 [1. 0. 0. 0. 0. 0. 0. 0. 0. 0.]
 [0. 0. 0. 0. 0. 0. 1. 0. 0. 0.]
 [0. 0. 0. 1. 0. 0. 0. 0. 0. 0.]
 [0. 0. 0. 0. 0. 0. 0. 0. 1. 0.]]
train ---- epoch == > 1, auc ==> 0.7921703896246213,  macro_f1==> 0.6306521439651183, micro_f1 ==> 0.7230666747411131
time:  869.6829829216003
[[False False  True False False False False False False False]
 [ True False False  True False False False False False False]
 [False False  True False False False False False False False]
 [False  True False False False False False False False False]
 [False  True False False False False False False False False]
 [ True False False False False False False False False False]
 [False  True False False False False False False False False]
 [False False False False False False  True False False False]
 [ True False False False False False False False False False]
 [False False False  True False False False False False False]]
[[0. 0. 1. 0. 0. 0. 1. 0. 0. 0.]
 [0. 0. 0. 1. 0. 0. 0. 0. 0. 0.]
 [0. 0. 1. 0. 0. 0. 0. 0. 0. 0.]
 [0. 1. 0. 0. 0. 0. 0. 0. 0. 0.]
 [0. 1. 0. 0. 0. 0. 0. 0. 0. 0.]
 [1. 0. 0. 1. 0. 0. 0. 0. 0. 0.]
 [0. 1. 0. 0. 0. 0. 0. 0. 0. 0.]
 [0. 0. 0. 0. 0. 0. 1. 0. 0. 0.]
 [0. 0. 0. 0. 0. 0. 1. 0. 0. 0.]
 [0. 0. 0. 1. 0. 0. 0. 0. 0. 0.]]
valid ---- epoch == > 1, auc ==> 0.8181032029593501,  macro_f1==> 0.6854904754980791, micro_f1 ==> 0.7636103151862463
time:  1045.848955631256
epoch: 2/15, train folds: [0, 1, 3, 4], valid_folds: [2]
[[False  True False False False False False False False False]
 [False False False False  True False False False False False]
 [False False  True False False False False False False False]
 [False False False False  True False False False False False]
 [False  True False False False False False False False False]
 [ True False False False False False False False False False]
 [False False False False False False  True False False False]
 [ True False False  True False False False False False False]
 [False False  True False False False False False False False]
 [False False False  True False False False False False False]]
[[0. 1. 0. 0. 0. 0. 0. 0. 0. 0.]
 [0. 0. 0. 0. 1. 0. 0. 0. 0. 0.]
 [0. 0. 1. 0. 0. 0. 0. 0. 0. 0.]
 [0. 0. 0. 0. 1. 0. 0. 0. 0. 0.]
 [0. 1. 0. 0. 0. 0. 0. 0. 0. 0.]
 [1. 0. 0. 0. 0. 0. 0. 0. 0. 0.]
 [0. 0. 0. 0. 0. 0. 1. 0. 0. 0.]
 [1. 0. 0. 1. 0. 0. 0. 0. 0. 0.]
 [0. 0. 0. 0. 1. 0. 0. 0. 0. 0.]
 [1. 0. 0. 1. 0. 0. 0. 0. 0. 0.]]
train ---- epoch == > 2, auc ==> 0.8185998569602585,  macro_f1==> 0.6888717251971626, micro_f1 ==> 0.7514991604701367
time:  825.6897144317627
[[False False False False False False False  True False False]
 [False  True False False False False False False False False]
 [False  True False False False False False False False False]
 [False False False False False False False  True False False]
 [False  True False False False False False False False False]
 [False False  True False False False False False False False]
 [False False  True False False False False False False False]
 [ True False False False False False False False False False]
 [False  True False False False False False False False False]
 [False False  True False False False False False False False]]
[[0. 0. 0. 1. 0. 0. 0. 0. 0. 0.]
 [0. 1. 0. 0. 0. 0. 0. 0. 0. 0.]
 [0. 1. 0. 0. 0. 0. 0. 0. 0. 0.]
 [0. 0. 0. 0. 0. 0. 0. 1. 0. 0.]
 [0. 1. 0. 0. 0. 0. 0. 0. 0. 0.]
 [0. 0. 1. 0. 0. 0. 0. 0. 0. 1.]
 [0. 0. 0. 0. 1. 0. 0. 0. 0. 0.]
 [1. 0. 0. 0. 0. 0. 0. 0. 0. 0.]
 [0. 1. 0. 0. 0. 0. 0. 0. 0. 0.]
 [0. 0. 1. 0. 0. 0. 0. 0. 0. 0.]]
valid ---- epoch == > 2, auc ==> 0.825326148190326,  macro_f1==> 0.7023019859335089, micro_f1 ==> 0.7799415774099319
time:  988.7511003017426
epoch: 3/15, train folds: [0, 1, 2, 4], valid_folds: [3]
[[False  True False False False False False False False False]
 [False False  True False False False False False False False]
 [False False False False False False False  True False False]
 [False  True False False False False False False False False]
 [False False False False False False False  True False False]
 [ True False False False False False False False False False]
 [False False False  True False False False False False False]
 [False False False False  True False False False False False]
 [False False  True False False False False False False False]
 [False False False False False False False False False  True]]
[[0. 1. 0. 0. 0. 0. 0. 0. 0. 0.]
 [0. 0. 1. 0. 0. 0. 0. 0. 0. 1.]
 [0. 0. 0. 0. 0. 0. 0. 1. 0. 0.]
 [0. 1. 0. 0. 0. 0. 0. 0. 0. 0.]
 [0. 0. 0. 0. 0. 0. 0. 1. 0. 0.]
 [1. 0. 0. 0. 0. 0. 0. 0. 0. 0.]
 [0. 0. 0. 1. 0. 0. 0. 0. 0. 0.]
 [0. 0. 1. 0. 1. 0. 0. 0. 0. 0.]
 [0. 0. 1. 0. 0. 0. 0. 0. 0. 1.]
 [0. 0. 0. 0. 0. 0. 0. 0. 0. 1.]]
train ---- epoch == > 3, auc ==> 0.8415742261543304,  macro_f1==> 0.731004121396543, micro_f1 ==> 0.7768802728415006
time:  866.1062114238739
[[False  True False False False False False False False False]
 [ True False False False False False False False  True False]
 [ True False False False False False False False False False]
 [ True False False  True False False False False False False]
 [False  True False False False False False False False False]
 [False False False False  True False False False False False]
 [False  True False False False False False False False False]
 [False False False False False False False False  True False]
 [False  True False False False False False False False False]
 [False False False False False False False  True False False]]
[[0. 1. 0. 0. 0. 0. 0. 0. 0. 0.]
 [0. 0. 0. 0. 0. 0. 0. 0. 1. 0.]
 [1. 0. 0. 0. 0. 0. 0. 0. 0. 0.]
 [1. 0. 0. 1. 0. 0. 0. 0. 0. 0.]
 [0. 1. 0. 0. 0. 0. 0. 0. 0. 0.]
 [0. 0. 0. 0. 1. 1. 0. 0. 0. 0.]
 [0. 1. 0. 0. 0. 0. 0. 0. 0. 0.]
 [0. 0. 0. 0. 0. 0. 0. 0. 1. 0.]
 [0. 1. 0. 0. 0. 0. 0. 0. 0. 0.]
 [0. 0. 0. 0. 0. 0. 0. 1. 0. 0.]]
valid ---- epoch == > 3, auc ==> 0.8688381023888387,  macro_f1==> 0.786775089435917, micro_f1 ==> 0.8082778306374881
time:  1043.8997917175293
epoch: 4/15, train folds: [0, 1, 2, 3], valid_folds: [4]
[[False False  True False False False False False False False]
 [False  True False False False False False False False False]
 [False  True False False False False False False False False]
 [False False False False False False  True False False False]
 [False  True False False False False False False False False]
 [False False  True False False False False False False False]
 [False False False  True False False False False False False]
 [False False  True False False False False False False  True]
 [False False  True False False False False False False False]
 [ True False False False  True False False False False False]]
[[0. 0. 1. 0. 0. 0. 0. 0. 0. 0.]
 [0. 1. 0. 0. 0. 0. 0. 0. 0. 0.]
 [0. 1. 0. 0. 0. 0. 0. 0. 0. 0.]
 [0. 0. 0. 1. 0. 0. 0. 0. 0. 0.]
 [0. 1. 0. 0. 0. 0. 0. 0. 0. 0.]
 [0. 0. 0. 0. 1. 0. 0. 0. 0. 0.]
 [0. 0. 0. 1. 0. 0. 0. 0. 0. 0.]
 [0. 0. 1. 0. 0. 0. 0. 0. 0. 1.]
 [0. 0. 1. 0. 0. 0. 0. 0. 0. 0.]
 [0. 0. 0. 0. 1. 0. 0. 0. 0. 0.]]
train ---- epoch == > 4, auc ==> 0.8562479170632071,  macro_f1==> 0.7575511159563011, micro_f1 ==> 0.7913669064748202
time:  842.754754781723
[[False  True False False False False False False False False]
 [False False False False False False False  True False False]
 [ True False False False False False False False False False]
 [False False False False False False  True False False False]
 [False False False False  True False False False False False]
 [False False False False False False  True False False False]
 [False False False  True False False False False False False]
 [False False False False  True False False False False False]
 [False False False False  True False False False False False]
 [False False False False False False  True False False False]]
[[0. 1. 0. 0. 0. 0. 0. 0. 0. 0.]
 [0. 0. 0. 1. 0. 0. 0. 0. 0. 0.]
 [1. 0. 0. 0. 0. 0. 0. 0. 0. 0.]
 [0. 0. 0. 0. 0. 0. 1. 0. 0. 0.]
 [0. 0. 0. 0. 1. 0. 0. 0. 0. 0.]
 [0. 0. 0. 0. 0. 0. 1. 0. 0. 0.]
 [1. 0. 0. 1. 0. 0. 0. 0. 1. 0.]
 [0. 0. 0. 0. 1. 0. 0. 0. 0. 0.]
 [0. 0. 0. 0. 1. 0. 0. 0. 0. 0.]
 [0. 0. 0. 0. 0. 0. 1. 0. 0. 0.]]
valid ---- epoch == > 4, auc ==> 0.859444022692973,  macro_f1==> 0.7622552887657005, micro_f1 ==> 0.8041764329852974
time:  1037.166830778122
Traceback (most recent call last):
  File "TrainAndValid.py", line 62, in <module>
    valid_data = KfoldDataset(transform=transform, FoldIds=valid_fold)
  File "/home/yolo/CS385Project/Multi_Instance/DataSet.py", line 60, in __init__
    self.Labels = self.read_file(os.path.join(self.CurrentDir, LabelFile))
  File "/home/yolo/CS385Project/Multi_Instance/DataSet.py", line 79, in read_file
    for i in ids:
FileNotFoundError: [Errno 2] No such file or directory: '/home/yolo/CS385Project/Multi_Instance/Fold_5.pkl'
