nohup: ignoring input
epoch: 0/10, train folds: [0, 1, 2, 3], valid_folds: [4]
[[ True False False False False False False False False False]
 [False  True False False False False False False False False]
 [ True False False False False False False False False False]
 [False  True False False False False False False False False]
 [False False  True False False False False False False False]
 [False False  True False False False False False False False]
 [ True False False  True False False False False False False]
 [False False False  True False False False False False False]
 [False  True False False  True False False False False False]
 [False False False  True False False False False False False]]
[[1. 0. 0. 1. 0. 0. 0. 0. 0. 0.]
 [0. 0. 0. 0. 1. 0. 0. 0. 0. 0.]
 [0. 0. 0. 0. 0. 0. 0. 0. 1. 0.]
 [0. 1. 0. 0. 0. 0. 0. 0. 0. 0.]
 [0. 0. 1. 0. 0. 0. 0. 0. 0. 0.]
 [0. 0. 0. 0. 0. 0. 0. 0. 0. 1.]
 [0. 0. 0. 1. 0. 0. 0. 0. 0. 0.]
 [0. 0. 0. 0. 0. 0. 1. 0. 0. 0.]
 [0. 1. 0. 0. 0. 0. 0. 0. 0. 0.]
 [0. 0. 0. 1. 0. 0. 0. 0. 0. 0.]]
train ---- epoch == > 0, auc ==> 0.6031899270034253,  macro_f1==> 0.25596663500531286, micro_f1 ==> 0.4162069170077713
time:  1057.0419445037842
[[False  True False False False False False False False False]
 [False False  True False False False False False False False]
 [ True False False False False False False False False False]
 [False False False  True False False  True False False False]
 [False False False False  True False False False False False]
 [False False False False False False  True False False False]
 [False False False  True False False False False False False]
 [False  True False False False False False False False False]
 [False  True False False  True False False False False False]
 [False False False False False False  True False False False]]
[[0. 1. 0. 0. 0. 0. 0. 0. 0. 0.]
 [0. 0. 0. 1. 0. 0. 0. 0. 0. 0.]
 [1. 0. 0. 0. 0. 0. 0. 0. 0. 0.]
 [0. 0. 0. 0. 0. 0. 1. 0. 0. 0.]
 [0. 0. 0. 0. 1. 0. 0. 0. 0. 0.]
 [0. 0. 0. 0. 0. 0. 1. 0. 0. 0.]
 [1. 0. 0. 1. 0. 0. 0. 0. 1. 0.]
 [0. 0. 0. 0. 1. 0. 0. 0. 0. 0.]
 [0. 0. 0. 0. 1. 0. 0. 0. 0. 0.]
 [0. 0. 0. 0. 0. 0. 1. 0. 0. 0.]]
valid ---- epoch == > 0, auc ==> 0.6611918488609786,  macro_f1==> 0.3687494025369563, micro_f1 ==> 0.5245005257623555
time:  1326.8168683052063
epoch: 1/10, train folds: [0, 1, 2, 3], valid_folds: [4]
[[False False False False  True False False False False False]
 [ True False False False False False False False False False]
 [False  True False False False False False False False False]
 [False False False False False False  True False False False]
 [False False False False  True False False False False False]
 [False False False  True False False False False False False]
 [False  True False False False False False False False False]
 [False False  True False False False False False False False]
 [False False False  True False False False False False False]
 [False  True False False False False False False False False]]
[[0. 0. 0. 0. 1. 0. 0. 0. 0. 0.]
 [1. 0. 0. 0. 0. 0. 0. 0. 0. 0.]
 [0. 0. 1. 0. 0. 0. 0. 0. 0. 0.]
 [0. 0. 0. 0. 0. 0. 1. 0. 0. 0.]
 [0. 0. 0. 0. 1. 0. 0. 0. 0. 0.]
 [1. 0. 0. 1. 0. 0. 0. 0. 0. 0.]
 [0. 1. 0. 0. 0. 0. 0. 0. 0. 0.]
 [0. 0. 1. 0. 0. 0. 0. 0. 0. 0.]
 [0. 0. 0. 1. 0. 0. 0. 0. 0. 0.]
 [0. 1. 0. 0. 0. 0. 0. 0. 0. 0.]]
train ---- epoch == > 1, auc ==> 0.7087256205348667,  macro_f1==> 0.46175782242502733, micro_f1 ==> 0.5948654500463966
time:  979.437665939331
[[False  True False False False False False False False False]
 [False False False False False False False  True False False]
 [ True False False False False False False False False False]
 [ True False False  True False False False False False False]
 [False False False False  True False False False False False]
 [False False False False False False  True False False False]
 [False False False  True False False False False False False]
 [False False False False  True False False False False False]
 [False False False False  True False False False False False]
 [False False False False False False  True False False False]]
[[0. 1. 0. 0. 0. 0. 0. 0. 0. 0.]
 [0. 0. 0. 1. 0. 0. 0. 0. 0. 0.]
 [1. 0. 0. 0. 0. 0. 0. 0. 0. 0.]
 [0. 0. 0. 0. 0. 0. 1. 0. 0. 0.]
 [0. 0. 0. 0. 1. 0. 0. 0. 0. 0.]
 [0. 0. 0. 0. 0. 0. 1. 0. 0. 0.]
 [1. 0. 0. 1. 0. 0. 0. 0. 1. 0.]
 [0. 0. 0. 0. 1. 0. 0. 0. 0. 0.]
 [0. 0. 0. 0. 1. 0. 0. 0. 0. 0.]
 [0. 0. 0. 0. 0. 0. 1. 0. 0. 0.]]
valid ---- epoch == > 1, auc ==> 0.734157848395218,  macro_f1==> 0.5233801581515929, micro_f1 ==> 0.6568439034806749
time:  1241.0979371070862
epoch: 2/10, train folds: [0, 1, 2, 3], valid_folds: [4]
[[False False False False False False  True False False False]
 [False False False False  True False False False False False]
 [False False False False  True False False False False False]
 [ True False False False False False False False False False]
 [False False  True False False False False False False False]
 [False False False False False False  True False False False]
 [False False False False False False  True False False False]
 [ True False False False False False False False False False]
 [False False False False  True False False False False False]
 [False  True False False False False False False False False]]
[[1. 0. 0. 1. 0. 0. 0. 0. 0. 0.]
 [0. 0. 0. 0. 0. 0. 0. 0. 1. 0.]
 [0. 0. 0. 0. 0. 1. 0. 0. 0. 0.]
 [1. 0. 0. 0. 0. 0. 0. 0. 0. 0.]
 [0. 0. 1. 0. 0. 0. 0. 0. 0. 0.]
 [0. 0. 0. 0. 0. 0. 1. 0. 0. 0.]
 [0. 0. 0. 0. 0. 0. 1. 0. 0. 0.]
 [1. 0. 0. 0. 0. 0. 0. 0. 0. 0.]
 [0. 0. 1. 0. 0. 0. 0. 0. 0. 0.]
 [0. 1. 0. 0. 0. 0. 0. 0. 0. 0.]]
train ---- epoch == > 2, auc ==> 0.7588042984367461,  macro_f1==> 0.5582848010979029, micro_f1 ==> 0.675989511799226
time:  1081.9053285121918
[[False  True False False False False False False False False]
 [False False False False False False False  True False False]
 [ True False False False False False False False False False]
 [False False False False False False  True False False False]
 [False False False False  True False False False False False]
 [False False False False False False  True False False False]
 [False False False  True False False False False False False]
 [False False False False False  True False False False False]
 [False False False False  True False False False False False]
 [False False False False False False  True False False False]]
[[0. 1. 0. 0. 0. 0. 0. 0. 0. 0.]
 [0. 0. 0. 1. 0. 0. 0. 0. 0. 0.]
 [1. 0. 0. 0. 0. 0. 0. 0. 0. 0.]
 [0. 0. 0. 0. 0. 0. 1. 0. 0. 0.]
 [0. 0. 0. 0. 1. 0. 0. 0. 0. 0.]
 [0. 0. 0. 0. 0. 0. 1. 0. 0. 0.]
 [1. 0. 0. 1. 0. 0. 0. 0. 1. 0.]
 [0. 0. 0. 0. 1. 0. 0. 0. 0. 0.]
 [0. 0. 0. 0. 1. 0. 0. 0. 0. 0.]
 [0. 0. 0. 0. 0. 0. 1. 0. 0. 0.]]
valid ---- epoch == > 2, auc ==> 0.7890032219637699,  macro_f1==> 0.6105376369427935, micro_f1 ==> 0.7187500000000001
time:  1330.4162542819977
epoch: 3/10, train folds: [0, 1, 2, 3], valid_folds: [4]
[[False False False False  True False False False False False]
 [False False False  True False False False False False False]
 [ True False False False False False False False False False]
 [False False  True False False False False False False False]
 [ True False False False False False False  True False False]
 [False False False False  True  True False False False False]
 [False False False  True False False False False False False]
 [False False False False False False False  True False False]
 [ True False False False False False False False  True False]
 [False  True False False False False False False False False]]
[[0. 0. 0. 0. 0. 1. 0. 0. 0. 0.]
 [0. 0. 0. 1. 0. 0. 0. 0. 0. 0.]
 [0. 0. 0. 0. 0. 0. 1. 0. 0. 0.]
 [0. 0. 1. 0. 0. 0. 0. 0. 0. 0.]
 [0. 0. 0. 0. 0. 0. 0. 1. 0. 0.]
 [0. 0. 0. 0. 1. 0. 0. 0. 0. 0.]
 [0. 0. 0. 1. 0. 0. 0. 0. 0. 0.]
 [0. 0. 0. 0. 0. 0. 0. 1. 0. 0.]
 [0. 0. 0. 0. 0. 0. 0. 0. 1. 0.]
 [0. 1. 0. 0. 0. 0. 0. 0. 0. 0.]]
train ---- epoch == > 3, auc ==> 0.7948018306237989,  macro_f1==> 0.6351627349024491, micro_f1 ==> 0.7248020943713769
time:  1047.0413784980774
[[False  True False False False False False False False False]
 [False False False False False False False  True False False]
 [ True False False False False False False False False False]
 [False False False False False False  True False False False]
 [False False False False  True False False False False False]
 [False False False False False False  True False False False]
 [False False False  True False False False False False False]
 [ True False False False False False False False False False]
 [False False False False  True False False False False False]
 [False False False False False False  True False False False]]